# JRE version: Java(TM) SE Runtime Environment (8.0_60-b27) (build 1.8.0_60-b27)
# Java VM: Java HotSpot(TM) 64-Bit Server VM (25.60-b23 mixed mode bsd-amd64 compressed oops)
Heap:
 PSYoungGen      total 81408K, used 35972K [0x00000007aab00000, 0x00000007b0000000, 0x00000007c0000000)
  eden space 75776K, 44% used [0x00000007aab00000,0x00000007acbb49a0,0x00000007af500000)
  from space 5632K, 44% used [0x00000007af500000,0x00000007af76c668,0x00000007afa80000)
  to   space 5632K, 0% used [0x00000007afa80000,0x00000007afa80000,0x00000007b0000000)
 ParOldGen       total 469504K, used 122282K [0x0000000780000000, 0x000000079ca80000, 0x00000007aab00000)
  object space 469504K, 26% used [0x0000000780000000,0x000000078776aab8,0x000000079ca80000)
 Metaspace       used 114758K, capacity 123932K, committed 124052K, reserved 1157120K
  class space    used 13057K, capacity 16004K, committed 16020K, reserved 1048576K
GC Heap History (10 events):
Event: 35266.134 GC heap before
{Heap before GC invocations=205 (full 4):
 PSYoungGen      total 80896K, used 78046K [0x00000007aab00000, 0x00000007b0000000, 0x00000007c0000000)
  eden space 74752K, 100% used [0x00000007aab00000,0x00000007af400000,0x00000007af400000)
  from space 6144K, 53% used [0x00000007afa00000,0x00000007afd37838,0x00000007b0000000)
  to   space 6144K, 0% used [0x00000007af400000,0x00000007af400000,0x00000007afa00000)
 ParOldGen       total 469504K, used 122194K [0x0000000780000000, 0x000000079ca80000, 0x00000007aab00000)
  object space 469504K, 26% used [0x0000000780000000,0x0000000787754ab8,0x000000079ca80000)
 Metaspace       used 114731K, capacity 123868K, committed 124052K, reserved 1157120K
  class space    used 13057K, capacity 16004K, committed 16020K, reserved 1048576K
Event: 35266.147 GC heap after
Heap after GC invocations=205 (full 4):
 PSYoungGen      total 80896K, used 3313K [0x00000007aab00000, 0x00000007b0000000, 0x00000007c0000000)
  eden space 74752K, 0% used [0x00000007aab00000,0x00000007aab00000,0x00000007af400000)
  from space 6144K, 53% used [0x00000007af400000,0x00000007af73c668,0x00000007afa00000)
  to   space 6144K, 0% used [0x00000007afa00000,0x00000007afa00000,0x00000007b0000000)
 ParOldGen       total 469504K, used 122226K [0x0000000780000000, 0x000000079ca80000, 0x00000007aab00000)
  object space 469504K, 26% used [0x0000000780000000,0x000000078775cab8,0x000000079ca80000)
 Metaspace       used 114731K, capacity 123868K, committed 124052K, reserved 1157120K
  class space    used 13057K, capacity 16004K, committed 16020K, reserved 1048576K
}
Event: 38139.545 GC heap before
{Heap before GC invocations=206 (full 4):
 PSYoungGen      total 80896K, used 78065K [0x00000007aab00000, 0x00000007b0000000, 0x00000007c0000000)
  eden space 74752K, 100% used [0x00000007aab00000,0x00000007af400000,0x00000007af400000)
  from space 6144K, 53% used [0x00000007af400000,0x00000007af73c668,0x00000007afa00000)
  to   space 6144K, 0% used [0x00000007afa00000,0x00000007afa00000,0x00000007b0000000)
 ParOldGen       total 469504K, used 122226K [0x0000000780000000, 0x000000079ca80000, 0x00000007aab00000)
  object space 469504K, 26% used [0x0000000780000000,0x000000078775cab8,0x000000079ca80000)
 Metaspace       used 114743K, capacity 123932K, committed 124052K, reserved 1157120K
  class space    used 13057K, capacity 16004K, committed 16020K, reserved 1048576K
Event: 38139.553 GC heap after
Heap after GC invocations=206 (full 4):
 PSYoungGen      total 81408K, used 3219K [0x00000007aab00000, 0x00000007b0000000, 0x00000007c0000000)
  eden space 75264K, 0% used [0x00000007aab00000,0x00000007aab00000,0x00000007af480000)
  from space 6144K, 52% used [0x00000007afa00000,0x00000007afd24ca8,0x00000007b0000000)
  to   space 5632K, 0% used [0x00000007af480000,0x00000007af480000,0x00000007afa00000)
 ParOldGen       total 469504K, used 122250K [0x0000000780000000, 0x000000079ca80000, 0x00000007aab00000)
  object space 469504K, 26% used [0x0000000780000000,0x0000000787762ab8,0x000000079ca80000)
 Metaspace       used 114743K, capacity 123932K, committed 124052K, reserved 1157120K
  class space    used 13057K, capacity 16004K, committed 16020K, reserved 1048576K
}
Event: 38249.769 GC heap before
{Heap before GC invocations=207 (full 4):
 PSYoungGen      total 81408K, used 78483K [0x00000007aab00000, 0x00000007b0000000, 0x00000007c0000000)
  eden space 75264K, 100% used [0x00000007aab00000,0x00000007af480000,0x00000007af480000)
  from space 6144K, 52% used [0x00000007afa00000,0x00000007afd24ca8,0x00000007b0000000)
  to   space 5632K, 0% used [0x00000007af480000,0x00000007af480000,0x00000007afa00000)
 ParOldGen       total 469504K, used 122250K [0x0000000780000000, 0x000000079ca80000, 0x00000007aab00000)
  object space 469504K, 26% used [0x0000000780000000,0x0000000787762ab8,0x000000079ca80000)
 Metaspace       used 114749K, capacity 123932K, committed 124052K, reserved 1157120K
  class space    used 13057K, capacity 16004K, committed 16020K, reserved 1048576K
Event: 38249.776 GC heap after
Heap after GC invocations=207 (full 4):
 PSYoungGen      total 80896K, used 2465K [0x00000007aab00000, 0x00000007b0000000, 0x00000007c0000000)
  eden space 75264K, 0% used [0x00000007aab00000,0x00000007aab00000,0x00000007af480000)
  from space 5632K, 43% used [0x00000007af480000,0x00000007af6e8658,0x00000007afa00000)
  to   space 5632K, 0% used [0x00000007afa80000,0x00000007afa80000,0x00000007b0000000)
 ParOldGen       total 469504K, used 122250K [0x0000000780000000, 0x000000079ca80000, 0x00000007aab00000)
  object space 469504K, 26% used [0x0000000780000000,0x0000000787762ab8,0x000000079ca80000)
 Metaspace       used 114749K, capacity 123932K, committed 124052K, reserved 1157120K
  class space    used 13057K, capacity 16004K, committed 16020K, reserved 1048576K
}
Event: 38304.663 GC heap before
{Heap before GC invocations=208 (full 4):
 PSYoungGen      total 80896K, used 77729K [0x00000007aab00000, 0x00000007b0000000, 0x00000007c0000000)
  eden space 75264K, 100% used [0x00000007aab00000,0x00000007af480000,0x00000007af480000)
  from space 5632K, 43% used [0x00000007af480000,0x00000007af6e8658,0x00000007afa00000)
  to   space 5632K, 0% used [0x00000007afa80000,0x00000007afa80000,0x00000007b0000000)
 ParOldGen       total 469504K, used 122250K [0x0000000780000000, 0x000000079ca80000, 0x00000007aab00000)
  object space 469504K, 26% used [0x0000000780000000,0x0000000787762ab8,0x000000079ca80000)
 Metaspace       used 114753K, capacity 123932K, committed 124052K, reserved 1157120K
  class space    used 13057K, capacity 16004K, committed 16020K, reserved 1048576K
Event: 38304.668 GC heap after
Heap after GC invocations=208 (full 4):
 PSYoungGen      total 81408K, used 2305K [0x00000007aab00000, 0x00000007b0000000, 0x00000007c0000000)
  eden space 75776K, 0% used [0x00000007aab00000,0x00000007aab00000,0x00000007af500000)
  from space 5632K, 40% used [0x00000007afa80000,0x00000007afcc0658,0x00000007b0000000)
  to   space 5632K, 0% used [0x00000007af500000,0x00000007af500000,0x00000007afa80000)
 ParOldGen       total 469504K, used 122282K [0x0000000780000000, 0x000000079ca80000, 0x00000007aab00000)
  object space 469504K, 26% used [0x0000000780000000,0x000000078776aab8,0x000000079ca80000)
 Metaspace       used 114753K, capacity 123932K, committed 124052K, reserved 1157120K
  class space    used 13057K, capacity 16004K, committed 16020K, reserved 1048576K
}
Event: 38568.443 GC heap before
{Heap before GC invocations=209 (full 4):
 PSYoungGen      total 81408K, used 78081K [0x00000007aab00000, 0x00000007b0000000, 0x00000007c0000000)
  eden space 75776K, 100% used [0x00000007aab00000,0x00000007af500000,0x00000007af500000)
  from space 5632K, 40% used [0x00000007afa80000,0x00000007afcc0658,0x00000007b0000000)
  to   space 5632K, 0% used [0x00000007af500000,0x00000007af500000,0x00000007afa80000)
 ParOldGen       total 469504K, used 122282K [0x0000000780000000, 0x000000079ca80000, 0x00000007aab00000)
  object space 469504K, 26% used [0x0000000780000000,0x000000078776aab8,0x000000079ca80000)
 Metaspace       used 114753K, capacity 123932K, committed 124052K, reserved 1157120K
  class space    used 13057K, capacity 16004K, committed 16020K, reserved 1048576K
Event: 38568.454 GC heap after
Heap after GC invocations=209 (full 4):
 PSYoungGen      total 81408K, used 2481K [0x00000007aab00000, 0x00000007b0000000, 0x00000007c0000000)
  eden space 75776K, 0% used [0x00000007aab00000,0x00000007aab00000,0x00000007af500000)
  from space 5632K, 44% used [0x00000007af500000,0x00000007af76c668,0x00000007afa80000)
  to   space 5632K, 0% used [0x00000007afa80000,0x00000007afa80000,0x00000007b0000000)
 ParOldGen       total 469504K, used 122282K [0x0000000780000000, 0x000000079ca80000, 0x00000007aab00000)
  object space 469504K, 26% used [0x0000000780000000,0x000000078776aab8,0x000000079ca80000)
 Metaspace       used 114753K, capacity 123932K, committed 124052K, reserved 1157120K
  class space    used 13057K, capacity 16004K, committed 16020K, reserved 1048576K
}

