# JRE version: Java(TM) SE Runtime Environment (8.0_73-b02) (build 1.8.0_73-b02)
# Java VM: Java HotSpot(TM) 64-Bit Server VM (25.73-b02 mixed mode bsd-amd64 compressed oops)
Heap:
 garbage-first heap   total 268288K, used 186210K [0x0000000780000000, 0x0000000780100830, 0x00000007c0000000)
  region size 1024K, 75 young (76800K), 12 survivors (12288K)
 Metaspace       used 128072K, capacity 140107K, committed 140180K, reserved 1171456K
  class space    used 14973K, capacity 18343K, committed 18376K, reserved 1048576K
GC Heap History (10 events):
Event: 7309.587 GC heap before
{Heap before GC invocations=216 (full 0):
 garbage-first heap   total 268288K, used 230830K [0x0000000780000000, 0x0000000780100830, 0x00000007c0000000)
  region size 1024K, 120 young (122880K), 9 survivors (9216K)
 Metaspace       used 126553K, capacity 138595K, committed 138772K, reserved 1169408K
  class space    used 14799K, capacity 18180K, committed 18248K, reserved 1048576K
Event: 7309.614 GC heap after
Heap after GC invocations=217 (full 0):
 garbage-first heap   total 268288K, used 116993K [0x0000000780000000, 0x0000000780100830, 0x00000007c0000000)
  region size 1024K, 8 young (8192K), 8 survivors (8192K)
 Metaspace       used 126553K, capacity 138595K, committed 138772K, reserved 1169408K
  class space    used 14799K, capacity 18180K, committed 18248K, reserved 1048576K
}
Event: 7352.385 GC heap before
{Heap before GC invocations=217 (full 0):
 garbage-first heap   total 268288K, used 231681K [0x0000000780000000, 0x0000000780100830, 0x00000007c0000000)
  region size 1024K, 120 young (122880K), 8 survivors (8192K)
 Metaspace       used 126581K, capacity 138601K, committed 138772K, reserved 1169408K
  class space    used 14800K, capacity 18181K, committed 18248K, reserved 1048576K
Event: 7352.409 GC heap after
Heap after GC invocations=218 (full 0):
 garbage-first heap   total 268288K, used 119170K [0x0000000780000000, 0x0000000780100830, 0x00000007c0000000)
  region size 1024K, 10 young (10240K), 10 survivors (10240K)
 Metaspace       used 126581K, capacity 138601K, committed 138772K, reserved 1169408K
  class space    used 14800K, capacity 18181K, committed 18248K, reserved 1048576K
}
Event: 7400.661 GC heap before
{Heap before GC invocations=218 (full 0):
 garbage-first heap   total 268288K, used 228738K [0x0000000780000000, 0x0000000780100830, 0x00000007c0000000)
  region size 1024K, 117 young (119808K), 10 survivors (10240K)
 Metaspace       used 127001K, capacity 138921K, committed 139028K, reserved 1169408K
  class space    used 14846K, capacity 18181K, committed 18248K, reserved 1048576K
Event: 7400.683 GC heap after
Heap after GC invocations=219 (full 0):
 garbage-first heap   total 268288K, used 118892K [0x0000000780000000, 0x0000000780100830, 0x00000007c0000000)
  region size 1024K, 9 young (9216K), 9 survivors (9216K)
 Metaspace       used 127001K, capacity 138921K, committed 139028K, reserved 1169408K
  class space    used 14846K, capacity 18181K, committed 18248K, reserved 1048576K
}
Event: 7452.658 GC heap before
{Heap before GC invocations=219 (full 0):
 garbage-first heap   total 268288K, used 230508K [0x0000000780000000, 0x0000000780100830, 0x00000007c0000000)
  region size 1024K, 118 young (120832K), 9 survivors (9216K)
 Metaspace       used 128018K, capacity 140107K, committed 140180K, reserved 1171456K
  class space    used 14970K, capacity 18343K, committed 18376K, reserved 1048576K
Event: 7452.687 GC heap after
Heap after GC invocations=220 (full 0):
 garbage-first heap   total 268288K, used 120162K [0x0000000780000000, 0x0000000780100830, 0x00000007c0000000)
  region size 1024K, 10 young (10240K), 10 survivors (10240K)
 Metaspace       used 128018K, capacity 140107K, committed 140180K, reserved 1171456K
  class space    used 14970K, capacity 18343K, committed 18376K, reserved 1048576K
}
Event: 7540.947 GC heap before
{Heap before GC invocations=220 (full 0):
 garbage-first heap   total 268288K, used 228706K [0x0000000780000000, 0x0000000780100830, 0x00000007c0000000)
  region size 1024K, 116 young (118784K), 10 survivors (10240K)
 Metaspace       used 128059K, capacity 140107K, committed 140180K, reserved 1171456K
  class space    used 14970K, capacity 18343K, committed 18376K, reserved 1048576K
Event: 7540.972 GC heap after
Heap after GC invocations=221 (full 0):
 garbage-first heap   total 268288K, used 122722K [0x0000000780000000, 0x0000000780100830, 0x00000007c0000000)
  region size 1024K, 12 young (12288K), 12 survivors (12288K)
 Metaspace       used 128059K, capacity 140107K, committed 140180K, reserved 1171456K
  class space    used 14970K, capacity 18343K, committed 18376K, reserved 1048576K
}

